2025-03-28 06:13:03,528 - __main__ - INFO - Ù…Ø³ÛŒØ± Ø¯Ø§Ù†Ù„ÙˆØ¯ Ù…ÙˆÙ‚Øª: /home/runner/workspace/downloads
2025-03-28 06:13:03,529 - __main__ - INFO - ÙØ§ÛŒÙ„ Ú©ÙˆÚ©ÛŒ Ù…ÙˆÙ‚Øª ÛŒÙˆØªÛŒÙˆØ¨ Ø§ÛŒØ¬Ø§Ø¯ Ø´Ø¯: /tmp/youtube_cookies_2glx15_m.txt
2025-03-28 06:13:03,530 - __main__ - INFO - Ø¯Ø± Ø­Ø§Ù„ Ø§Ø¬Ø±Ø§ÛŒ ØªØ³Øªâ€ŒÙ‡Ø§ÛŒ Ø®ÙˆØ¯Ú©Ø§Ø±...
2025-03-28 06:13:03,535 - root - INFO - ÙØ§ÛŒÙ„ Ø¨Ù‡ Ú©Ø´ Ø§Ø¶Ø§ÙÙ‡ Ø´Ø¯ (Ø¨Ø¯ÙˆÙ† ØªØ¹ÛŒÛŒÙ† Ú©ÛŒÙÛŒØª): /tmp/test_video_q9xc2oah.mp4
2025-03-28 06:13:03,535 - root - INFO - ÙØ§ÛŒÙ„ Ø§Ø² Ú©Ø´ Ø¨Ø±Ú¯Ø±Ø¯Ø§Ù†Ø¯Ù‡ Ø´Ø¯ (Ø¨Ø¯ÙˆÙ† ØªØ¹ÛŒÛŒÙ† Ú©ÛŒÙÛŒØª): /tmp/test_video_q9xc2oah.mp4
2025-03-28 06:13:03,535 - __main__ - INFO - ØªØ³Øª Ú©Ø´ Ø¨Ø§ Ù…ÙˆÙÙ‚ÛŒØª Ø§Ù†Ø¬Ø§Ù… Ø´Ø¯
2025-03-28 06:13:03,535 - __main__ - INFO - Ù‡Ù…Ù‡ ØªØ³Øªâ€ŒÙ‡Ø§ Ø¨Ø§ Ù…ÙˆÙÙ‚ÛŒØª Ø§Ø¬Ø±Ø§ Ø´Ø¯Ù†Ø¯!
2025-03-28 06:13:03,545 - __main__ - INFO - ÙØ§ÛŒÙ„ Ù‚ÙÙ„ Ù‚Ø¯ÛŒÙ…ÛŒ Ù¾ÛŒØ¯Ø§ Ø´Ø¯. Ø§Ø¯Ø§Ù…Ù‡ Ø§Ø¬Ø±Ø§...
2025-03-28 06:13:03,546 - __main__ - INFO - Ù¾Ø§Ú©Ø³Ø§Ø²ÛŒ ÙØ§ÛŒÙ„â€ŒÙ‡Ø§ÛŒ Ù…ÙˆÙ‚Øª: 0 ÙØ§ÛŒÙ„ Ø­Ø°Ù Ø´Ø¯
2025-03-28 06:13:03,650 - __main__ - INFO - Ù¾Ø§Ú©Ø³Ø§Ø²ÛŒ ÙØ§ÛŒÙ„â€ŒÙ‡Ø§ÛŒ Ù…ÙˆÙ‚Øª: 0 ÙØ§ÛŒÙ„ Ø­Ø°Ù Ø´Ø¯
2025-03-28 06:13:04,094 - httpx - INFO - HTTP Request: POST https://api.telegram.org/bot7338644071:AAEex9j0nMualdoywHSGFiBoMAzRpkFypPk/getMe "HTTP/1.1 200 OK"
2025-03-28 06:13:04,095 - telegram.ext.Application - INFO - Application started
2025-03-28 06:13:04,239 - httpx - INFO - HTTP Request: POST https://api.telegram.org/bot7338644071:AAEex9j0nMualdoywHSGFiBoMAzRpkFypPk/deleteWebhook "HTTP/1.1 200 OK"
2025-03-28 06:13:04,240 - __main__ - INFO - Ø±Ø¨Ø§Øª Ø¨Ø§ Ù…ÙˆÙÙ‚ÛŒØª Ø±Ø§Ù‡â€ŒØ§Ù†Ø¯Ø§Ø²ÛŒ Ø´Ø¯!
2025-03-28 06:13:06,554 - httpx - INFO - HTTP Request: POST https://api.telegram.org/bot7338644071:AAEex9j0nMualdoywHSGFiBoMAzRpkFypPk/getUpdates "HTTP/1.1 200 OK"
2025-03-28 06:13:06,747 - httpx - INFO - HTTP Request: POST https://api.telegram.org/bot7338644071:AAEex9j0nMualdoywHSGFiBoMAzRpkFypPk/answerCallbackQuery "HTTP/1.1 200 OK"
2025-03-28 06:13:06,747 - __main__ - INFO - Ú©Ø§Ø±Ø¨Ø± 286420965 Ø¯Ú©Ù…Ù‡ dl_yt_2_yt_e3e3eb Ø±Ø§ Ø§Ù†ØªØ®Ø§Ø¨ Ú©Ø±Ø¯
2025-03-28 06:13:06,747 - __main__ - INFO - Ø´Ù†Ø§Ø³Ù‡ URL Ø§Ø³ØªØ®Ø±Ø§Ø¬ Ø´Ø¯Ù‡: yt_e3e3eb
2025-03-28 06:13:06,747 - __main__ - INFO - Ù¾Ø±Ø¯Ø§Ø²Ø´ Ø¯Ø±Ø®ÙˆØ§Ø³Øª Ø¯Ø§Ù†Ù„ÙˆØ¯ - Ù†ÙˆØ¹: yt, Ú¯Ø²ÛŒÙ†Ù‡: 2, Ø´Ù†Ø§Ø³Ù‡ URL: yt_e3e3eb
2025-03-28 06:13:06,747 - __main__ - WARNING - URL Ø¨Ø§ Ø´Ù†Ø§Ø³Ù‡ yt_e3e3eb Ù¾ÛŒØ¯Ø§ Ù†Ø´Ø¯
2025-03-28 06:13:06,747 - __main__ - INFO - ØªÙ„Ø§Ø´ Ù…Ø¬Ø¯Ø¯ Ø¨Ø§ Ø´Ù†Ø§Ø³Ù‡ Ø¨Ø¯ÙˆÙ† Ù¾ÛŒØ´ÙˆÙ†Ø¯: e3e3eb
2025-03-28 06:13:06,747 - __main__ - INFO - Ø¬Ø³ØªØ¬ÙˆÛŒ Ø¬Ø§ÛŒÚ¯Ø²ÛŒÙ†: Ø¨Ø±Ø±Ø³ÛŒ Ù‡Ù…Ù‡ URLÙ‡Ø§ÛŒ Ù†ÙˆØ¹ youtube Ø¯Ø± Ù…Ø®Ø²Ù† Ù¾Ø§ÛŒØ¯Ø§Ø±
2025-03-28 06:13:06,915 - httpx - INFO - HTTP Request: POST https://api.telegram.org/bot7338644071:AAEex9j0nMualdoywHSGFiBoMAzRpkFypPk/editMessageText "HTTP/1.1 200 OK"
2025-03-28 06:13:09,048 - httpx - INFO - HTTP Request: POST https://api.telegram.org/bot7338644071:AAEex9j0nMualdoywHSGFiBoMAzRpkFypPk/getUpdates "HTTP/1.1 200 OK"
2025-03-28 06:13:09,049 - __main__ - INFO - Ù¾ÛŒØ§Ù… Ø¬Ø¯ÛŒØ¯ Ø§Ø² Ú©Ø§Ø±Ø¨Ø± 286420965: https://www.youtube.com/shorts...
2025-03-28 06:13:09,226 - httpx - INFO - HTTP Request: POST https://api.telegram.org/bot7338644071:AAEex9j0nMualdoywHSGFiBoMAzRpkFypPk/sendMessage "HTTP/1.1 200 OK"
2025-03-28 06:13:09,234 - __main__ - INFO - URL ÛŒÙˆØªÛŒÙˆØ¨ Ù†Ø±Ù…Ø§Ù„â€ŒØ³Ø§Ø²ÛŒ Ø´Ø¯: https://www.youtube.com/shorts/imZkuPNfKas -> https://www.youtube.com/shorts/imZkuPNfKas
2025-03-28 06:13:09,235 - __main__ - INFO - URL ÛŒÙˆØªÛŒÙˆØ¨ Ø¯Ø± context.user_data Ø°Ø®ÛŒØ±Ù‡ Ø´Ø¯: yt_0dbb54
2025-03-28 06:13:09,235 - __main__ - INFO - Ø´Ø±ÙˆØ¹ Ù¾Ø±Ø¯Ø§Ø²Ø´ URL ÛŒÙˆØªÛŒÙˆØ¨: https://www.youtube.com/shorts...
2025-03-28 06:13:09,235 - __main__ - INFO - Ø¯Ø§Ù†Ù„ÙˆØ¯Ø± ÛŒÙˆØªÛŒÙˆØ¨ Ø±Ø§Ù‡â€ŒØ§Ù†Ø¯Ø§Ø²ÛŒ Ø´Ø¯
WARNING: skipping cookie file entry due to invalid length 1: '.youtube.com    TRUE    /       FALSE   2147483647      CONSENT YES+cb.20210629-13-p1.en+FX+119\n'
WARNING: skipping cookie file entry due to invalid length 1: '.youtube.com    TRUE    /       FALSE   2147483647      VISITOR_INFO1_LIVE      HV1eNSA-Vas\n'
WARNING: skipping cookie file entry due to invalid length 1: '.youtube.com    TRUE    /       FALSE   2147483647      YSC     qVtBh7mnhcM\n'
WARNING: skipping cookie file entry due to invalid length 1: '.youtube.com    TRUE    /       FALSE   2147483647      GPS     1\n'
2025-03-28 06:13:14,783 - __main__ - INFO - Ø¯Ø±ÛŒØ§ÙØª Ú¯Ø²ÛŒÙ†Ù‡â€ŒÙ‡Ø§ÛŒ Ø¯Ø§Ù†Ù„ÙˆØ¯ Ø¨Ø±Ø§ÛŒ: Aaj To Bach Gaya Betaâ€¼ï¸ðŸ¤¬#goldenstatueboy #golden #goldenstatueboy11 #love#fuuny#shorts#goldenstatue - Ù…Ø¯Øª: 20 Ø«Ø§Ù†ÛŒÙ‡
2025-03-28 06:13:14,784 - __main__ - INFO - ØªØ¹Ø¯Ø§Ø¯ Ú¯Ø²ÛŒÙ†Ù‡â€ŒÙ‡Ø§ÛŒ Ø¯Ø§Ù†Ù„ÙˆØ¯ Ø§ÛŒØ¬Ø§Ø¯ Ø´Ø¯Ù‡: 3
2025-03-28 06:13:15,237 - httpx - INFO - HTTP Request: POST https://api.telegram.org/bot7338644071:AAEex9j0nMualdoywHSGFiBoMAzRpkFypPk/editMessageText "HTTP/1.1 200 OK"
2025-03-28 06:13:17,144 - httpx - INFO - HTTP Request: POST https://api.telegram.org/bot7338644071:AAEex9j0nMualdoywHSGFiBoMAzRpkFypPk/getUpdates "HTTP/1.1 200 OK"
2025-03-28 06:13:17,296 - httpx - INFO - HTTP Request: POST https://api.telegram.org/bot7338644071:AAEex9j0nMualdoywHSGFiBoMAzRpkFypPk/answerCallbackQuery "HTTP/1.1 200 OK"
2025-03-28 06:13:17,297 - __main__ - INFO - Ú©Ø§Ø±Ø¨Ø± 286420965 Ø¯Ú©Ù…Ù‡ dl_yt_audio_yt_0dbb54 Ø±Ø§ Ø§Ù†ØªØ®Ø§Ø¨ Ú©Ø±Ø¯
2025-03-28 06:13:17,297 - __main__ - INFO - Ø´Ù†Ø§Ø³Ù‡ URL Ø§Ø³ØªØ®Ø±Ø§Ø¬ Ø´Ø¯Ù‡: yt_0dbb54
2025-03-28 06:13:17,297 - __main__ - INFO - Ù¾Ø±Ø¯Ø§Ø²Ø´ Ø¯Ø±Ø®ÙˆØ§Ø³Øª Ø¯Ø§Ù†Ù„ÙˆØ¯ - Ù†ÙˆØ¹: yt, Ú¯Ø²ÛŒÙ†Ù‡: audio, Ø´Ù†Ø§Ø³Ù‡ URL: yt_0dbb54
2025-03-28 06:13:17,297 - __main__ - INFO - URL Ø§Ø² Ù…Ø®Ø²Ù† Ù¾Ø§ÛŒØ¯Ø§Ø± Ø¨Ø§Ø²ÛŒØ§Ø¨ÛŒ Ø´Ø¯: yt_0dbb54 -> https://www.youtube.com/shorts...
2025-03-28 06:13:17,453 - httpx - INFO - HTTP Request: POST https://api.telegram.org/bot7338644071:AAEex9j0nMualdoywHSGFiBoMAzRpkFypPk/editMessageText "HTTP/1.1 200 OK"
2025-03-28 06:13:17,454 - __main__ - INFO - Ø¯Ø±Ø®ÙˆØ§Ø³Øª Ø¯Ø§Ù†Ù„ÙˆØ¯ ØµÙˆØªÛŒ ØªØ´Ø®ÛŒØµ Ø¯Ø§Ø¯Ù‡ Ø´Ø¯ Ø¨Ø±Ø§ÛŒ URL: https://www.youtube.com/shorts...
2025-03-28 06:13:17,615 - httpx - INFO - HTTP Request: POST https://api.telegram.org/bot7338644071:AAEex9j0nMualdoywHSGFiBoMAzRpkFypPk/editMessageText "HTTP/1.1 200 OK"
2025-03-28 06:13:17,618 - __main__ - INFO - Ø¯Ø§Ù†Ù„ÙˆØ¯Ø± ÛŒÙˆØªÛŒÙˆØ¨ Ø±Ø§Ù‡â€ŒØ§Ù†Ø¯Ø§Ø²ÛŒ Ø´Ø¯
WARNING: ffmpeg-location /usr/bin/ffmpeg does not exist! Continuing without ffmpeg
ERROR: Postprocessing: ffprobe and ffmpeg not found. Please install or provide the path using --ffmpeg-location
2025-03-28 06:13:24,191 - __main__ - ERROR - Ø®Ø·Ø§ Ø¯Ø± Ø¯Ø§Ù†Ù„ÙˆØ¯ ØµÙˆØªÛŒ ÛŒÙˆØªÛŒÙˆØ¨: ERROR: Postprocessing: ffprobe and ffmpeg not found. Please install or provide the path using --ffmpeg-location
2025-03-28 06:13:24,214 - __main__ - ERROR - Traceback (most recent call last):
  File "/home/runner/workspace/.pythonlibs/lib/python3.11/site-packages/yt_dlp/YoutubeDL.py", line 3586, in process_info
    replace_info_dict(self.post_process(dl_filename, info_dict, files_to_move))
                      ^^^^^^^^^^^^^^^^^^^^^^^^^^^^^^^^^^^^^^^^^^^^^^^^^^^^^^^^
  File "/home/runner/workspace/.pythonlibs/lib/python3.11/site-packages/yt_dlp/YoutubeDL.py", line 3770, in post_process
    info = self.run_all_pps('post_process', info, additional_pps=info.get('__postprocessors'))
           ^^^^^^^^^^^^^^^^^^^^^^^^^^^^^^^^^^^^^^^^^^^^^^^^^^^^^^^^^^^^^^^^^^^^^^^^^^^^^^^^^^^
  File "/home/runner/workspace/.pythonlibs/lib/python3.11/site-packages/yt_dlp/YoutubeDL.py", line 3752, in run_all_pps
    info = self.run_pp(pp, info)
           ^^^^^^^^^^^^^^^^^^^^^
  File "/home/runner/workspace/.pythonlibs/lib/python3.11/site-packages/yt_dlp/YoutubeDL.py", line 3730, in run_pp
    files_to_delete, infodict = pp.run(infodict)
                                ^^^^^^^^^^^^^^^^
  File "/home/runner/workspace/.pythonlibs/lib/python3.11/site-packages/yt_dlp/postprocessor/common.py", line 23, in run
    ret = func(self, info, *args, **kwargs)
          ^^^^^^^^^^^^^^^^^^^^^^^^^^^^^^^^^
  File "/home/runner/workspace/.pythonlibs/lib/python3.11/site-packages/yt_dlp/postprocessor/common.py", line 128, in wrapper
    return func(self, info)
           ^^^^^^^^^^^^^^^^
  File "/home/runner/workspace/.pythonlibs/lib/python3.11/site-packages/yt_dlp/postprocessor/ffmpeg.py", line 493, in run
    filecodec = self.get_audio_codec(path)
                ^^^^^^^^^^^^^^^^^^^^^^^^^^
  File "/home/runner/workspace/.pythonlibs/lib/python3.11/site-packages/yt_dlp/postprocessor/ffmpeg.py", line 241, in get_audio_codec
    raise PostProcessingError('ffprobe and ffmpeg not found. Please install or provide the path using --ffmpeg-location')
yt_dlp.utils.PostProcessingError: ffprobe and ffmpeg not found. Please install or provide the path using --ffmpeg-location

During handling of the above exception, another exception occurred:

Traceback (most recent call last):
  File "/home/runner/workspace/telegram_downloader.py", line 2117, in handle_download_option
    await loop.run_in_executor(None, ydl.download, [url])
  File "/nix/store/clx0mcir7qw8zk36zbr4jra789g3knf6-python3-3.11.10/lib/python3.11/concurrent/futures/thread.py", line 58, in run
    result = self.fn(*self.args, **self.kwargs)
             ^^^^^^^^^^^^^^^^^^^^^^^^^^^^^^^^^^
  File "/home/runner/workspace/.pythonlibs/lib/python3.11/site-packages/yt_dlp/YoutubeDL.py", line 3634, in download
    self.__download_wrapper(self.extract_info)(
  File "/home/runner/workspace/.pythonlibs/lib/python3.11/site-packages/yt_dlp/YoutubeDL.py", line 3607, in wrapper
    res = func(*args, **kwargs)
          ^^^^^^^^^^^^^^^^^^^^^
  File "/home/runner/workspace/.pythonlibs/lib/python3.11/site-packages/yt_dlp/YoutubeDL.py", line 1642, in extract_info
    return self.__extract_info(url, self.get_info_extractor(key), download, extra_info, process)
           ^^^^^^^^^^^^^^^^^^^^^^^^^^^^^^^^^^^^^^^^^^^^^^^^^^^^^^^^^^^^^^^^^^^^^^^^^^^^^^^^^^^^^
  File "/home/runner/workspace/.pythonlibs/lib/python3.11/site-packages/yt_dlp/YoutubeDL.py", line 1653, in wrapper
    return func(self, *args, **kwargs)
           ^^^^^^^^^^^^^^^^^^^^^^^^^^^
  File "/home/runner/workspace/.pythonlibs/lib/python3.11/site-packages/yt_dlp/YoutubeDL.py", line 1809, in __extract_info
    return self.process_ie_result(ie_result, download, extra_info)
           ^^^^^^^^^^^^^^^^^^^^^^^^^^^^^^^^^^^^^^^^^^^^^^^^^^^^^^^
  File "/home/runner/workspace/.pythonlibs/lib/python3.11/site-packages/yt_dlp/YoutubeDL.py", line 1868, in process_ie_result
    ie_result = self.process_video_result(ie_result, download=download)
                ^^^^^^^^^^^^^^^^^^^^^^^^^^^^^^^^^^^^^^^^^^^^^^^^^^^^^^^
  File "/home/runner/workspace/.pythonlibs/lib/python3.11/site-packages/yt_dlp/YoutubeDL.py", line 3040, in process_video_result
    self.process_info(new_info)
  File "/home/runner/workspace/.pythonlibs/lib/python3.11/site-packages/yt_dlp/YoutubeDL.py", line 185, in wrapper
    return func(self, *args, **kwargs)
           ^^^^^^^^^^^^^^^^^^^^^^^^^^^
  File "/home/runner/workspace/.pythonlibs/lib/python3.11/site-packages/yt_dlp/YoutubeDL.py", line 3588, in process_info
    self.report_error(f'Postprocessing: {err}')
  File "/home/runner/workspace/.pythonlibs/lib/python3.11/site-packages/yt_dlp/YoutubeDL.py", line 1111, in report_error
    self.trouble(f'{self._format_err("ERROR:", self.Styles.ERROR)} {message}', *args, **kwargs)
  File "/home/runner/workspace/.pythonlibs/lib/python3.11/site-packages/yt_dlp/YoutubeDL.py", line 1050, in trouble
    raise DownloadError(message, exc_info)
yt_dlp.utils.DownloadError: ERROR: Postprocessing: ffprobe and ffmpeg not found. Please install or provide the path using --ffmpeg-location

2025-03-28 06:13:24,785 - httpx - INFO - HTTP Request: POST https://api.telegram.org/bot7338644071:AAEex9j0nMualdoywHSGFiBoMAzRpkFypPk/editMessageText "HTTP/1.1 200 OK"
2025-03-28 06:13:27,302 - httpx - INFO - HTTP Request: POST https://api.telegram.org/bot7338644071:AAEex9j0nMualdoywHSGFiBoMAzRpkFypPk/getUpdates "HTTP/1.1 200 OK"
2025-03-28 06:13:37,447 - httpx - INFO - HTTP Request: POST https://api.telegram